<?xml version="1.0" encoding="UTF-8"?>
<!-- Generated by org.testng.reporters.JUnitXMLReporter -->
<testsuite hostname="node-dia.pool-1-0.dynamic.totbb.net" ignored="0" name="Command line test" tests="2" failures="1" timestamp="11 ene 2018 13:15:48 GMT" time="10.062" errors="0">
  <testcase name="loginPageTest" time="5.024" classname="scenarios.AppiumTest"/>
  <testcase name="loginPage2Test" time="5.011" classname="scenarios.AppiumTest">
    <failure type="java.lang.AssertionError" message="expected [DEVICE IS READY] but found [DEVICE IS READYs]">
      <![CDATA[java.lang.AssertionError: expected [DEVICE IS READY] but found [DEVICE IS READYs]at pages.LoginPage.loginPage2(LoginPage.java:84)at scenarios.AppiumTest.loginPage2Test(AppiumTest.java:29)... Removed 41 stack frames]]>
    </failure>
  </testcase> <!-- loginPage2Test -->
</testsuite> <!-- Command line test -->
