<?xml version="1.0" encoding="UTF-8"?>
<testng-results skipped="0" failed="0" ignored="0" total="1" passed="1">
  <reporter-output>
  </reporter-output>
  <suite name="Command line suite" duration-ms="5049" started-at="2018-01-11T13:04:02Z" finished-at="2018-01-11T13:04:07Z">
    <groups>
    </groups>
    <test name="Command line test" duration-ms="5049" started-at="2018-01-11T13:04:02Z" finished-at="2018-01-11T13:04:07Z">
      <class name="scenarios.AppiumTest">
        <test-method status="PASS" signature="setUp()[pri:0, instance:scenarios.AppiumTest@6d00a15d]" name="setUp" is-config="true" duration-ms="9" started-at="2018-01-11T14:04:02Z" finished-at="2018-01-11T14:04:02Z">
          <reporter-output>
          </reporter-output>
        </test-method> <!-- setUp -->
        <test-method status="PASS" signature="loginPageTest()[pri:0, instance:scenarios.AppiumTest@6d00a15d]" name="loginPageTest" duration-ms="5023" started-at="2018-01-11T14:04:02Z" finished-at="2018-01-11T14:04:07Z">
          <reporter-output>
          </reporter-output>
        </test-method> <!-- loginPageTest -->
        <test-method status="PASS" signature="tearDown()[pri:0, instance:scenarios.AppiumTest@6d00a15d]" name="tearDown" is-config="true" duration-ms="0" started-at="2018-01-11T14:04:07Z" finished-at="2018-01-11T14:04:07Z">
          <reporter-output>
          </reporter-output>
        </test-method> <!-- tearDown -->
      </class> <!-- scenarios.AppiumTest -->
    </test> <!-- Command line test -->
  </suite> <!-- Command line suite -->
</testng-results>
